EDA Netlist Writer report for chip
Fri May 15 17:14:52 2015
Quartus II 32-bit Version 13.1.0 Build 162 10/23/2013 SJ Web Edition


---------------------
; Table of Contents ;
---------------------
  1. Legal Notice
  2. EDA Netlist Writer Summary
  3. Simulation Settings
  4. Simulation Generated Files
  5. EDA Netlist Writer Messages



----------------
; Legal Notice ;
----------------
Copyright (C) 1991-2013 Altera Corporation
Your use of Altera Corporation's design tools, logic functions 
and other software and tools, and its AMPP partner logic 
functions, and any output files from any of the foregoing 
(including device programming or simulation files), and any 
associated documentation or information are expressly subject 
to the terms and conditions of the Altera Program License 
Subscription Agreement, Altera MegaCore Function License 
Agreement, or other applicable license agreement, including, 
without limitation, that your use is for the sole purpose of 
programming logic devices manufactured by Altera and sold by 
Altera or its authorized distributors.  Please refer to the 
applicable agreement for further details.



+-------------------------------------------------------------------+
; EDA Netlist Writer Summary                                        ;
+---------------------------+---------------------------------------+
; EDA Netlist Writer Status ; Successful - Fri May 15 17:14:52 2015 ;
; Revision Name             ; chip                                  ;
; Top-level Entity Name     ; chip                                  ;
; Family                    ; Cyclone IV GX                         ;
; Simulation Files Creation ; Successful                            ;
+---------------------------+---------------------------------------+


+-------------------------------------------------------------------------------------------------------------------------------+
; Simulation Settings                                                                                                           ;
+---------------------------------------------------------------------------------------------------+---------------------------+
; Option                                                                                            ; Setting                   ;
+---------------------------------------------------------------------------------------------------+---------------------------+
; Tool Name                                                                                         ; ModelSim-Altera (Verilog) ;
; Generate netlist for functional simulation only                                                   ; Off                       ;
; Time scale                                                                                        ; 1 ps                      ;
; Truncate long hierarchy paths                                                                     ; Off                       ;
; Map illegal HDL characters                                                                        ; Off                       ;
; Flatten buses into individual nodes                                                               ; Off                       ;
; Maintain hierarchy                                                                                ; Off                       ;
; Bring out device-wide set/reset signals as ports                                                  ; Off                       ;
; Enable glitch filtering                                                                           ; Off                       ;
; Do not write top level VHDL entity                                                                ; Off                       ;
; Disable detection of setup and hold time violations in the input registers of bi-directional pins ; Off                       ;
; Architecture name in VHDL output netlist                                                          ; structure                 ;
; Generate third-party EDA tool command script for RTL functional simulation                        ; Off                       ;
; Generate third-party EDA tool command script for gate-level simulation                            ; Off                       ;
+---------------------------------------------------------------------------------------------------+---------------------------+


+---------------------------------------------------------------------------------------------------+
; Simulation Generated Files                                                                        ;
+---------------------------------------------------------------------------------------------------+
; Generated Files                                                                                   ;
+---------------------------------------------------------------------------------------------------+
; E:/Documents/Verilog Final/v1.0.10/synthesize/simulation/modelsim/chip_7_1200mv_100c_slow.vo      ;
; E:/Documents/Verilog Final/v1.0.10/synthesize/simulation/modelsim/chip_7_1200mv_-40c_slow.vo      ;
; E:/Documents/Verilog Final/v1.0.10/synthesize/simulation/modelsim/chip_min_1200mv_-40c_fast.vo    ;
; E:/Documents/Verilog Final/v1.0.10/synthesize/simulation/modelsim/chip.vo                         ;
; E:/Documents/Verilog Final/v1.0.10/synthesize/simulation/modelsim/chip_7_1200mv_100c_v_slow.sdo   ;
; E:/Documents/Verilog Final/v1.0.10/synthesize/simulation/modelsim/chip_7_1200mv_-40c_v_slow.sdo   ;
; E:/Documents/Verilog Final/v1.0.10/synthesize/simulation/modelsim/chip_min_1200mv_-40c_v_fast.sdo ;
; E:/Documents/Verilog Final/v1.0.10/synthesize/simulation/modelsim/chip_v.sdo                      ;
+---------------------------------------------------------------------------------------------------+


+-----------------------------+
; EDA Netlist Writer Messages ;
+-----------------------------+
Info: *******************************************************************
Info: Running Quartus II 32-bit EDA Netlist Writer
    Info: Version 13.1.0 Build 162 10/23/2013 SJ Web Edition
    Info: Processing started: Fri May 15 17:14:48 2015
Info: Command: quartus_eda --read_settings_files=off --write_settings_files=off chip -c chip
Info (204019): Generated file chip_7_1200mv_100c_slow.vo in folder "E:/Documents/Verilog Final/v1.0.10/synthesize/simulation/modelsim/" for EDA simulation tool
Info (204019): Generated file chip_7_1200mv_-40c_slow.vo in folder "E:/Documents/Verilog Final/v1.0.10/synthesize/simulation/modelsim/" for EDA simulation tool
Info (204019): Generated file chip_min_1200mv_-40c_fast.vo in folder "E:/Documents/Verilog Final/v1.0.10/synthesize/simulation/modelsim/" for EDA simulation tool
Info (204019): Generated file chip.vo in folder "E:/Documents/Verilog Final/v1.0.10/synthesize/simulation/modelsim/" for EDA simulation tool
Info (204019): Generated file chip_7_1200mv_100c_v_slow.sdo in folder "E:/Documents/Verilog Final/v1.0.10/synthesize/simulation/modelsim/" for EDA simulation tool
Info (204019): Generated file chip_7_1200mv_-40c_v_slow.sdo in folder "E:/Documents/Verilog Final/v1.0.10/synthesize/simulation/modelsim/" for EDA simulation tool
Info (204019): Generated file chip_min_1200mv_-40c_v_fast.sdo in folder "E:/Documents/Verilog Final/v1.0.10/synthesize/simulation/modelsim/" for EDA simulation tool
Info (204019): Generated file chip_v.sdo in folder "E:/Documents/Verilog Final/v1.0.10/synthesize/simulation/modelsim/" for EDA simulation tool
Info: Quartus II 32-bit EDA Netlist Writer was successful. 0 errors, 0 warnings
    Info: Peak virtual memory: 389 megabytes
    Info: Processing ended: Fri May 15 17:14:52 2015
    Info: Elapsed time: 00:00:04
    Info: Total CPU time (on all processors): 00:00:02


