Flow report for chip
Fri May 15 17:14:52 2015
Quartus II 32-bit Version 13.1.0 Build 162 10/23/2013 SJ Web Edition


---------------------
; Table of Contents ;
---------------------
  1. Legal Notice
  2. Flow Summary
  3. Flow Settings
  4. Flow Non-Default Global Settings
  5. Flow Elapsed Time
  6. Flow OS Summary
  7. Flow Log
  8. Flow Messages
  9. Flow Suppressed Messages



----------------
; Legal Notice ;
----------------
Copyright (C) 1991-2013 Altera Corporation
Your use of Altera Corporation's design tools, logic functions 
and other software and tools, and its AMPP partner logic 
functions, and any output files from any of the foregoing 
(including device programming or simulation files), and any 
associated documentation or information are expressly subject 
to the terms and conditions of the Altera Program License 
Subscription Agreement, Altera MegaCore Function License 
Agreement, or other applicable license agreement, including, 
without limitation, that your use is for the sole purpose of 
programming logic devices manufactured by Altera and sold by 
Altera or its authorized distributors.  Please refer to the 
applicable agreement for further details.



+---------------------------------------------------------------------------------+
; Flow Summary                                                                    ;
+------------------------------------+--------------------------------------------+
; Flow Status                        ; Successful - Fri May 15 17:14:52 2015      ;
; Quartus II 32-bit Version          ; 13.1.0 Build 162 10/23/2013 SJ Web Edition ;
; Revision Name                      ; chip                                       ;
; Top-level Entity Name              ; chip                                       ;
; Family                             ; Cyclone IV GX                              ;
; Device                             ; EP4CGX150DF31I7AD                          ;
; Timing Models                      ; Final                                      ;
; Total logic elements               ; 881 / 149,760 ( < 1 % )                    ;
;     Total combinational functions  ; 705 / 149,760 ( < 1 % )                    ;
;     Dedicated logic registers      ; 579 / 149,760 ( < 1 % )                    ;
; Total registers                    ; 579                                        ;
; Total pins                         ; 5 / 508 ( < 1 % )                          ;
; Total virtual pins                 ; 0                                          ;
; Total memory bits                  ; 131,072 / 6,635,520 ( 2 % )                ;
; Embedded Multiplier 9-bit elements ; 0 / 720 ( 0 % )                            ;
; Total GXB Receiver Channel PCS     ; 0 / 8 ( 0 % )                              ;
; Total GXB Receiver Channel PMA     ; 0 / 8 ( 0 % )                              ;
; Total GXB Transmitter Channel PCS  ; 0 / 8 ( 0 % )                              ;
; Total GXB Transmitter Channel PMA  ; 0 / 8 ( 0 % )                              ;
; Total PLLs                         ; 0 / 8 ( 0 % )                              ;
+------------------------------------+--------------------------------------------+


+-----------------------------------------+
; Flow Settings                           ;
+-------------------+---------------------+
; Option            ; Setting             ;
+-------------------+---------------------+
; Start date & time ; 05/15/2015 17:13:25 ;
; Main task         ; Compilation         ;
; Revision Name     ; chip                ;
+-------------------+---------------------+


+--------------------------------------------------------------------------------------------------------------------+
; Flow Non-Default Global Settings                                                                                   ;
+-------------------------------------+-------------------------------+---------------+-------------+----------------+
; Assignment Name                     ; Value                         ; Default Value ; Entity Name ; Section Id     ;
+-------------------------------------+-------------------------------+---------------+-------------+----------------+
; COMPILER_SIGNATURE_ID               ; 1096635569786.143172440504236 ; --            ; --          ; --             ;
; EDA_OUTPUT_DATA_FORMAT              ; Verilog Hdl                   ; --            ; --          ; eda_simulation ;
; EDA_SIMULATION_TOOL                 ; ModelSim-Altera (Verilog)     ; <None>        ; --          ; --             ;
; MAX_CORE_JUNCTION_TEMP              ; 100                           ; --            ; --          ; --             ;
; MIN_CORE_JUNCTION_TEMP              ; -40                           ; --            ; --          ; --             ;
; NOMINAL_CORE_SUPPLY_VOLTAGE         ; 1.2V                          ; --            ; --          ; --             ;
; PARTITION_COLOR                     ; 16764057                      ; --            ; --          ; Top            ;
; PARTITION_FITTER_PRESERVATION_LEVEL ; PLACEMENT_AND_ROUTING         ; --            ; --          ; Top            ;
; PARTITION_NETLIST_TYPE              ; SOURCE                        ; --            ; --          ; Top            ;
; PROJECT_OUTPUT_DIRECTORY            ; output_files                  ; --            ; --          ; --             ;
+-------------------------------------+-------------------------------+---------------+-------------+----------------+


+-------------------------------------------------------------------------------------------------------------------------------+
; Flow Elapsed Time                                                                                                             ;
+---------------------------+--------------+-------------------------+---------------------+------------------------------------+
; Module Name               ; Elapsed Time ; Average Processors Used ; Peak Virtual Memory ; Total CPU Time (on all processors) ;
+---------------------------+--------------+-------------------------+---------------------+------------------------------------+
; Analysis & Synthesis      ; 00:00:06     ; 1.0                     ; 416 MB              ; 00:00:04                           ;
; Fitter                    ; 00:00:45     ; 1.0                     ; 832 MB              ; 00:00:42                           ;
; Assembler                 ; 00:00:10     ; 1.0                     ; 438 MB              ; 00:00:09                           ;
; TimeQuest Timing Analyzer ; 00:00:06     ; 1.0                     ; 475 MB              ; 00:00:04                           ;
; EDA Netlist Writer        ; 00:00:04     ; 1.0                     ; 377 MB              ; 00:00:02                           ;
; Total                     ; 00:01:11     ; --                      ; --                  ; 00:01:01                           ;
+---------------------------+--------------+-------------------------+---------------------+------------------------------------+


+----------------------------------------------------------------------------------------+
; Flow OS Summary                                                                        ;
+---------------------------+------------------+-----------+------------+----------------+
; Module Name               ; Machine Hostname ; OS Name   ; OS Version ; Processor type ;
+---------------------------+------------------+-----------+------------+----------------+
; Analysis & Synthesis      ; amritpal-pc      ; Windows 7 ; 6.2        ; i686           ;
; Fitter                    ; amritpal-pc      ; Windows 7 ; 6.2        ; i686           ;
; Assembler                 ; amritpal-pc      ; Windows 7 ; 6.2        ; i686           ;
; TimeQuest Timing Analyzer ; amritpal-pc      ; Windows 7 ; 6.2        ; i686           ;
; EDA Netlist Writer        ; amritpal-pc      ; Windows 7 ; 6.2        ; i686           ;
+---------------------------+------------------+-----------+------------+----------------+


------------
; Flow Log ;
------------
quartus_map --read_settings_files=on --write_settings_files=off chip -c chip
quartus_fit --read_settings_files=off --write_settings_files=off chip -c chip
quartus_asm --read_settings_files=off --write_settings_files=off chip -c chip
quartus_sta chip -c chip
quartus_eda --read_settings_files=off --write_settings_files=off chip -c chip



